0 info it worked if it ends with ok
1 verbose cli [ '/usr/bin/node',
1 verbose cli   '/usr/bin/npm',
1 verbose cli   'install',
1 verbose cli   'typescript-tools',
1 verbose cli   '-g' ]
2 info using npm@1.4.28
3 info using node@v0.10.34
4 verbose node symlink /usr/bin/node
5 verbose cache add [ 'typescript-tools', null ]
6 verbose cache add name=undefined spec="typescript-tools" args=["typescript-tools",null]
7 verbose parsed url { protocol: null,
7 verbose parsed url   slashes: null,
7 verbose parsed url   auth: null,
7 verbose parsed url   host: null,
7 verbose parsed url   port: null,
7 verbose parsed url   hostname: null,
7 verbose parsed url   hash: null,
7 verbose parsed url   search: null,
7 verbose parsed url   query: null,
7 verbose parsed url   pathname: 'typescript-tools',
7 verbose parsed url   path: 'typescript-tools',
7 verbose parsed url   href: 'typescript-tools' }
8 silly lockFile 62b7061e-typescript-tools typescript-tools
9 verbose lock typescript-tools /home/mdonovan/.npm/62b7061e-typescript-tools.lock
10 silly lockFile 62b7061e-typescript-tools typescript-tools
11 silly lockFile 62b7061e-typescript-tools typescript-tools
12 verbose addNamed [ 'typescript-tools', '' ]
13 verbose addNamed [ null, '*' ]
14 silly lockFile 33226869-typescript-tools typescript-tools@
15 verbose lock typescript-tools@ /home/mdonovan/.npm/33226869-typescript-tools.lock
16 silly addNameRange { name: 'typescript-tools', range: '*', hasData: false }
17 verbose request where is /typescript-tools
18 verbose request registry https://registry.npmjs.org/
19 verbose request id 6abd302199ad9ad1
20 verbose url raw /typescript-tools
21 verbose url resolving [ 'https://registry.npmjs.org/', './typescript-tools' ]
22 verbose url resolved https://registry.npmjs.org/typescript-tools
23 verbose request where is https://registry.npmjs.org/typescript-tools
24 info trying registry request attempt 1 at 21:51:42
25 http GET https://registry.npmjs.org/typescript-tools
26 http 200 https://registry.npmjs.org/typescript-tools
27 silly registry.get cb [ 200,
27 silly registry.get   { date: 'Fri, 27 Mar 2015 01:51:43 GMT',
27 silly registry.get     server: 'CouchDB/1.5.0 (Erlang OTP/R16B03)',
27 silly registry.get     etag: '"2G77071YGLHS48AM6ECJOUWBY"',
27 silly registry.get     'content-type': 'application/json',
27 silly registry.get     'cache-control': 'max-age=60',
27 silly registry.get     'content-length': '13842',
27 silly registry.get     'accept-ranges': 'bytes',
27 silly registry.get     via: '1.1 varnish',
27 silly registry.get     age: '0',
27 silly registry.get     'x-served-by': 'cache-jfk1023-JFK',
27 silly registry.get     'x-cache': 'MISS',
27 silly registry.get     'x-cache-hits': '0',
27 silly registry.get     'x-timer': 'S1427421103.385941,VS0,VE97',
27 silly registry.get     vary: 'Accept',
27 silly registry.get     'keep-alive': 'timeout=10, max=50',
27 silly registry.get     connection: 'Keep-Alive' } ]
28 silly addNameRange number 2 { name: 'typescript-tools', range: '*', hasData: true }
29 silly addNameRange versions [ 'typescript-tools', [ '0.2.2-1', '0.3.0', '0.3.1' ] ]
30 verbose addNamed [ 'typescript-tools', '0.3.1' ]
31 verbose addNamed [ '0.3.1', '0.3.1' ]
32 silly lockFile c284ab5f-typescript-tools-0-3-1 typescript-tools@0.3.1
33 verbose lock typescript-tools@0.3.1 /home/mdonovan/.npm/c284ab5f-typescript-tools-0-3-1.lock
34 silly lockFile 8bf4d58e-tools-typescript-tools-0-3-1-tgz https://registry.npmjs.org/typescript-tools/-/typescript-tools-0.3.1.tgz
35 verbose lock https://registry.npmjs.org/typescript-tools/-/typescript-tools-0.3.1.tgz /home/mdonovan/.npm/8bf4d58e-tools-typescript-tools-0-3-1-tgz.lock
36 verbose addRemoteTarball [ 'https://registry.npmjs.org/typescript-tools/-/typescript-tools-0.3.1.tgz',
36 verbose addRemoteTarball   '325852bbe945c30210a636ce763307707a53c449' ]
37 info retry fetch attempt 1 at 21:51:42
38 verbose fetch to= /tmp/npm-8659-C-612K0O/registry.npmjs.org/typescript-tools/-/typescript-tools-0.3.1.tgz
39 http GET https://registry.npmjs.org/typescript-tools/-/typescript-tools-0.3.1.tgz
40 http 200 https://registry.npmjs.org/typescript-tools/-/typescript-tools-0.3.1.tgz
41 silly lockFile 8bf4d58e-tools-typescript-tools-0-3-1-tgz https://registry.npmjs.org/typescript-tools/-/typescript-tools-0.3.1.tgz
42 silly lockFile 8bf4d58e-tools-typescript-tools-0-3-1-tgz https://registry.npmjs.org/typescript-tools/-/typescript-tools-0.3.1.tgz
43 silly lockFile c284ab5f-typescript-tools-0-3-1 typescript-tools@0.3.1
44 silly lockFile c284ab5f-typescript-tools-0-3-1 typescript-tools@0.3.1
45 silly lockFile 33226869-typescript-tools typescript-tools@
46 silly lockFile 33226869-typescript-tools typescript-tools@
47 silly resolved [ { name: 'typescript-tools',
47 silly resolved     version: '0.3.1',
47 silly resolved     description: 'TypeScript Services commandline server',
47 silly resolved     bin: { tss: 'bin/tss' },
47 silly resolved     repository:
47 silly resolved      { type: 'git',
47 silly resolved        url: 'git://github.com/clausreinke/typescript-tools.git' },
47 silly resolved     bugs: { url: 'https://github.com/clausreinke/typescript-tools/issues' },
47 silly resolved     keywords: [ 'TypeScript' ],
47 silly resolved     preferGlobal: true,
47 silly resolved     author: { name: 'Claus Reinke' },
47 silly resolved     license: 'Apache License, Version 2.0',
47 silly resolved     homepage: 'https://github.com/clausreinke/typescript-tools',
47 silly resolved     _id: 'typescript-tools@0.3.1',
47 silly resolved     dist:
47 silly resolved      { shasum: '325852bbe945c30210a636ce763307707a53c449',
47 silly resolved        tarball: 'http://registry.npmjs.org/typescript-tools/-/typescript-tools-0.3.1.tgz' },
47 silly resolved     _from: 'typescript-tools@',
47 silly resolved     _npmVersion: '1.4.3',
47 silly resolved     _npmUser: { name: 'clausreinke', email: 'claus.reinke@talk21.com' },
47 silly resolved     maintainers: [ [Object] ],
47 silly resolved     directories: {},
47 silly resolved     _shasum: '325852bbe945c30210a636ce763307707a53c449',
47 silly resolved     _resolved: 'https://registry.npmjs.org/typescript-tools/-/typescript-tools-0.3.1.tgz' } ]
48 info install typescript-tools@0.3.1 into /usr/lib
49 info installOne typescript-tools@0.3.1
50 verbose lib/node_modules/typescript-tools unbuild
51 verbose tar unpack /home/mdonovan/.npm/typescript-tools/0.3.1/package.tgz
52 silly lockFile 05cdd7da-ib-node-modules-typescript-tools tar:///usr/lib/node_modules/typescript-tools
53 verbose lock tar:///usr/lib/node_modules/typescript-tools /home/mdonovan/.npm/05cdd7da-ib-node-modules-typescript-tools.lock
54 silly lockFile c8c81f0e-pescript-tools-0-3-1-package-tgz tar:///home/mdonovan/.npm/typescript-tools/0.3.1/package.tgz
55 verbose lock tar:///home/mdonovan/.npm/typescript-tools/0.3.1/package.tgz /home/mdonovan/.npm/c8c81f0e-pescript-tools-0-3-1-package-tgz.lock
56 silly gunzTarPerm modes [ '755', '644' ]
57 error Error: EACCES, mkdir '/usr/lib/node_modules/typescript-tools'
57 error  { [Error: EACCES, mkdir '/usr/lib/node_modules/typescript-tools']
57 error   errno: 3,
57 error   code: 'EACCES',
57 error   path: '/usr/lib/node_modules/typescript-tools',
57 error   fstream_type: 'Directory',
57 error   fstream_path: '/usr/lib/node_modules/typescript-tools',
57 error   fstream_class: 'DirWriter',
57 error   fstream_stack:
57 error    [ '/usr/lib/node_modules/npm/node_modules/fstream/lib/dir-writer.js:36:23',
57 error      '/usr/lib/node_modules/npm/node_modules/mkdirp/index.js:46:53',
57 error      'Object.oncomplete (fs.js:108:15)' ] }
58 error Please try running this command again as root/Administrator.
59 error System Linux 3.13.0-24-generic
60 error command "/usr/bin/node" "/usr/bin/npm" "install" "typescript-tools" "-g"
61 error cwd /home/mdonovan/workspace/ng-commons
62 error node -v v0.10.34
63 error npm -v 1.4.28
64 error path /usr/lib/node_modules/typescript-tools
65 error fstream_path /usr/lib/node_modules/typescript-tools
66 error fstream_type Directory
67 error fstream_class DirWriter
68 error code EACCES
69 error errno 3
70 error stack Error: EACCES, mkdir '/usr/lib/node_modules/typescript-tools'
71 error fstream_stack /usr/lib/node_modules/npm/node_modules/fstream/lib/dir-writer.js:36:23
71 error fstream_stack /usr/lib/node_modules/npm/node_modules/mkdirp/index.js:46:53
71 error fstream_stack Object.oncomplete (fs.js:108:15)
72 verbose exit [ 3, true ]
